<?xml version="1.0" encoding="UTF-8"?>
<testsuite xmlns:xsi="http://www.w3.org/2001/XMLSchema-instance" xsi:noNamespaceSchemaLocation="https://maven.apache.org/surefire/maven-surefire-plugin/xsd/surefire-test-report-3.0.xsd" version="3.0" name="TestSuite" time="0.831" tests="3" errors="0" skipped="0" failures="0">
  <properties>
    <property name="gopherProxySet" value="false"/>
    <property name="awt.toolkit" value="sun.lwawt.macosx.LWCToolkit"/>
    <property name="file.encoding.pkg" value="sun.io"/>
    <property name="java.specification.version" value="1.8"/>
    <property name="sun.cpu.isalist" value=""/>
    <property name="sun.jnu.encoding" value="UTF-8"/>
    <property name="java.class.path" value="/Users/angshumanbanerjee/Desktop/Maven_Project/testJar/target/test-classes:/Users/angshumanbanerjee/Desktop/Maven_Project/testJar/target/classes:/Users/angshumanbanerjee/.m2/repository/org/testng/testng/7.4.0/testng-7.4.0.jar:/Users/angshumanbanerjee/.m2/repository/com/beust/jcommander/1.78/jcommander-1.78.jar:/Users/angshumanbanerjee/.m2/repository/org/webjars/jquery/3.5.1/jquery-3.5.1.jar:/Users/angshumanbanerjee/.m2/repository/junit/junit/3.8.1/junit-3.8.1.jar:/Users/angshumanbanerjee/.m2/repository/org/seleniumhq/selenium/selenium-java/4.0.0-beta-1/selenium-java-4.0.0-beta-1.jar:/Users/angshumanbanerjee/.m2/repository/org/seleniumhq/selenium/selenium-api/4.0.0-beta-1/selenium-api-4.0.0-beta-1.jar:/Users/angshumanbanerjee/.m2/repository/org/seleniumhq/selenium/selenium-chrome-driver/4.0.0-beta-1/selenium-chrome-driver-4.0.0-beta-1.jar:/Users/angshumanbanerjee/.m2/repository/com/google/auto/service/auto-service-annotations/1.0-rc7/auto-service-annotations-1.0-rc7.jar:/Users/angshumanbanerjee/.m2/repository/com/google/auto/service/auto-service/1.0-rc7/auto-service-1.0-rc7.jar:/Users/angshumanbanerjee/.m2/repository/com/google/auto/auto-common/0.10/auto-common-0.10.jar:/Users/angshumanbanerjee/.m2/repository/com/google/guava/guava/30.1-jre/guava-30.1-jre.jar:/Users/angshumanbanerjee/.m2/repository/com/google/guava/failureaccess/1.0.1/failureaccess-1.0.1.jar:/Users/angshumanbanerjee/.m2/repository/com/google/guava/listenablefuture/9999.0-empty-to-avoid-conflict-with-guava/listenablefuture-9999.0-empty-to-avoid-conflict-with-guava.jar:/Users/angshumanbanerjee/.m2/repository/com/google/code/findbugs/jsr305/3.0.2/jsr305-3.0.2.jar:/Users/angshumanbanerjee/.m2/repository/org/checkerframework/checker-qual/3.5.0/checker-qual-3.5.0.jar:/Users/angshumanbanerjee/.m2/repository/com/google/errorprone/error_prone_annotations/2.3.4/error_prone_annotations-2.3.4.jar:/Users/angshumanbanerjee/.m2/repository/com/google/j2objc/j2objc-annotations/1.3/j2objc-annotations-1.3.jar:/Users/angshumanbanerjee/.m2/repository/org/seleniumhq/selenium/selenium-chromium-driver/4.0.0-beta-1/selenium-chromium-driver-4.0.0-beta-1.jar:/Users/angshumanbanerjee/.m2/repository/org/seleniumhq/selenium/selenium-devtools/4.0.0-beta-1/selenium-devtools-4.0.0-beta-1.jar:/Users/angshumanbanerjee/.m2/repository/org/seleniumhq/selenium/selenium-http/4.0.0-beta-1/selenium-http-4.0.0-beta-1.jar:/Users/angshumanbanerjee/.m2/repository/org/seleniumhq/selenium/selenium-json/4.0.0-beta-1/selenium-json-4.0.0-beta-1.jar:/Users/angshumanbanerjee/.m2/repository/org/seleniumhq/selenium/selenium-devtools-v86/4.0.0-beta-1/selenium-devtools-v86-4.0.0-beta-1.jar:/Users/angshumanbanerjee/.m2/repository/org/seleniumhq/selenium/selenium-devtools-v87/4.0.0-beta-1/selenium-devtools-v87-4.0.0-beta-1.jar:/Users/angshumanbanerjee/.m2/repository/org/seleniumhq/selenium/selenium-devtools-v88/4.0.0-beta-1/selenium-devtools-v88-4.0.0-beta-1.jar:/Users/angshumanbanerjee/.m2/repository/org/seleniumhq/selenium/selenium-devtools-v89/4.0.0-beta-1/selenium-devtools-v89-4.0.0-beta-1.jar:/Users/angshumanbanerjee/.m2/repository/org/seleniumhq/selenium/selenium-edge-driver/4.0.0-beta-1/selenium-edge-driver-4.0.0-beta-1.jar:/Users/angshumanbanerjee/.m2/repository/org/seleniumhq/selenium/selenium-firefox-driver/4.0.0-beta-1/selenium-firefox-driver-4.0.0-beta-1.jar:/Users/angshumanbanerjee/.m2/repository/org/seleniumhq/selenium/selenium-firefox-xpi-driver/4.0.0-beta-1/selenium-firefox-xpi-driver-4.0.0-beta-1.jar:/Users/angshumanbanerjee/.m2/repository/org/seleniumhq/selenium/selenium-ie-driver/4.0.0-beta-1/selenium-ie-driver-4.0.0-beta-1.jar:/Users/angshumanbanerjee/.m2/repository/org/seleniumhq/selenium/selenium-opera-driver/4.0.0-beta-1/selenium-opera-driver-4.0.0-beta-1.jar:/Users/angshumanbanerjee/.m2/repository/org/seleniumhq/selenium/selenium-remote-driver/4.0.0-beta-1/selenium-remote-driver-4.0.0-beta-1.jar:/Users/angshumanbanerjee/.m2/repository/io/netty/netty-buffer/4.1.58.Final/netty-buffer-4.1.58.Final.jar:/Users/angshumanbanerjee/.m2/repository/io/netty/netty-codec-http/4.1.58.Final/netty-codec-http-4.1.58.Final.jar:/Users/angshumanbanerjee/.m2/repository/io/netty/netty-codec/4.1.58.Final/netty-codec-4.1.58.Final.jar:/Users/angshumanbanerjee/.m2/repository/io/netty/netty-handler/4.1.58.Final/netty-handler-4.1.58.Final.jar:/Users/angshumanbanerjee/.m2/repository/io/netty/netty-common/4.1.58.Final/netty-common-4.1.58.Final.jar:/Users/angshumanbanerjee/.m2/repository/io/netty/netty-transport-native-epoll/4.1.58.Final/netty-transport-native-epoll-4.1.58.Final.jar:/Users/angshumanbanerjee/.m2/repository/io/netty/netty-transport-native-kqueue/4.1.58.Final/netty-transport-native-kqueue-4.1.58.Final.jar:/Users/angshumanbanerjee/.m2/repository/io/netty/netty-transport-native-unix-common/4.1.58.Final/netty-transport-native-unix-common-4.1.58.Final.jar:/Users/angshumanbanerjee/.m2/repository/io/netty/netty-transport/4.1.58.Final/netty-transport-4.1.58.Final.jar:/Users/angshumanbanerjee/.m2/repository/io/netty/netty-resolver/4.1.58.Final/netty-resolver-4.1.58.Final.jar:/Users/angshumanbanerjee/.m2/repository/io/opentelemetry/opentelemetry-api/0.14.1/opentelemetry-api-0.14.1.jar:/Users/angshumanbanerjee/.m2/repository/io/opentelemetry/opentelemetry-context/0.14.1/opentelemetry-context-0.14.1.jar:/Users/angshumanbanerjee/.m2/repository/io/opentelemetry/opentelemetry-exporter-logging/0.14.1/opentelemetry-exporter-logging-0.14.1.jar:/Users/angshumanbanerjee/.m2/repository/io/opentelemetry/opentelemetry-sdk-metrics/0.14.1-alpha/opentelemetry-sdk-metrics-0.14.1-alpha.jar:/Users/angshumanbanerjee/.m2/repository/io/opentelemetry/opentelemetry-sdk-common/0.14.1/opentelemetry-sdk-common-0.14.1.jar:/Users/angshumanbanerjee/.m2/repository/io/opentelemetry/opentelemetry-sdk-trace/0.14.1/opentelemetry-sdk-trace-0.14.1.jar:/Users/angshumanbanerjee/.m2/repository/io/opentelemetry/opentelemetry-api-metrics/0.14.1-alpha/opentelemetry-api-metrics-0.14.1-alpha.jar:/Users/angshumanbanerjee/.m2/repository/io/opentelemetry/opentelemetry-sdk/0.14.1/opentelemetry-sdk-0.14.1.jar:/Users/angshumanbanerjee/.m2/repository/io/opentelemetry/opentelemetry-semconv/0.14.1/opentelemetry-semconv-0.14.1.jar:/Users/angshumanbanerjee/.m2/repository/net/bytebuddy/byte-buddy/1.10.19/byte-buddy-1.10.19.jar:/Users/angshumanbanerjee/.m2/repository/org/apache/commons/commons-exec/1.3/commons-exec-1.3.jar:/Users/angshumanbanerjee/.m2/repository/org/asynchttpclient/async-http-client/2.12.2/async-http-client-2.12.2.jar:/Users/angshumanbanerjee/.m2/repository/org/asynchttpclient/async-http-client-netty-utils/2.12.2/async-http-client-netty-utils-2.12.2.jar:/Users/angshumanbanerjee/.m2/repository/io/netty/netty-codec-socks/4.1.53.Final/netty-codec-socks-4.1.53.Final.jar:/Users/angshumanbanerjee/.m2/repository/io/netty/netty-handler-proxy/4.1.53.Final/netty-handler-proxy-4.1.53.Final.jar:/Users/angshumanbanerjee/.m2/repository/io/netty/netty-transport-native-epoll/4.1.53.Final/netty-transport-native-epoll-4.1.53.Final-linux-x86_64.jar:/Users/angshumanbanerjee/.m2/repository/io/netty/netty-transport-native-kqueue/4.1.53.Final/netty-transport-native-kqueue-4.1.53.Final-osx-x86_64.jar:/Users/angshumanbanerjee/.m2/repository/org/reactivestreams/reactive-streams/1.0.3/reactive-streams-1.0.3.jar:/Users/angshumanbanerjee/.m2/repository/com/typesafe/netty/netty-reactive-streams/2.0.4/netty-reactive-streams-2.0.4.jar:/Users/angshumanbanerjee/.m2/repository/com/sun/activation/jakarta.activation/1.2.2/jakarta.activation-1.2.2.jar:/Users/angshumanbanerjee/.m2/repository/org/seleniumhq/selenium/selenium-safari-driver/4.0.0-beta-1/selenium-safari-driver-4.0.0-beta-1.jar:/Users/angshumanbanerjee/.m2/repository/org/seleniumhq/selenium/selenium-support/4.0.0-beta-1/selenium-support-4.0.0-beta-1.jar:/Users/angshumanbanerjee/.m2/repository/io/appium/java-client/7.4.1/java-client-7.4.1.jar:/Users/angshumanbanerjee/.m2/repository/com/google/code/gson/gson/2.8.6/gson-2.8.6.jar:/Users/angshumanbanerjee/.m2/repository/org/apache/httpcomponents/httpclient/4.5.13/httpclient-4.5.13.jar:/Users/angshumanbanerjee/.m2/repository/org/apache/httpcomponents/httpcore/4.4.13/httpcore-4.4.13.jar:/Users/angshumanbanerjee/.m2/repository/commons-logging/commons-logging/1.2/commons-logging-1.2.jar:/Users/angshumanbanerjee/.m2/repository/commons-codec/commons-codec/1.11/commons-codec-1.11.jar:/Users/angshumanbanerjee/.m2/repository/cglib/cglib/3.3.0/cglib-3.3.0.jar:/Users/angshumanbanerjee/.m2/repository/org/ow2/asm/asm/7.1/asm-7.1.jar:/Users/angshumanbanerjee/.m2/repository/commons-validator/commons-validator/1.7/commons-validator-1.7.jar:/Users/angshumanbanerjee/.m2/repository/commons-beanutils/commons-beanutils/1.9.4/commons-beanutils-1.9.4.jar:/Users/angshumanbanerjee/.m2/repository/commons-digester/commons-digester/2.1/commons-digester-2.1.jar:/Users/angshumanbanerjee/.m2/repository/commons-collections/commons-collections/3.2.2/commons-collections-3.2.2.jar:/Users/angshumanbanerjee/.m2/repository/org/apache/commons/commons-lang3/3.11/commons-lang3-3.11.jar:/Users/angshumanbanerjee/.m2/repository/commons-io/commons-io/2.8.0/commons-io-2.8.0.jar:/Users/angshumanbanerjee/.m2/repository/org/springframework/spring-context/5.3.1/spring-context-5.3.1.jar:/Users/angshumanbanerjee/.m2/repository/org/springframework/spring-aop/5.3.1/spring-aop-5.3.1.jar:/Users/angshumanbanerjee/.m2/repository/org/springframework/spring-beans/5.3.1/spring-beans-5.3.1.jar:/Users/angshumanbanerjee/.m2/repository/org/springframework/spring-core/5.3.1/spring-core-5.3.1.jar:/Users/angshumanbanerjee/.m2/repository/org/springframework/spring-jcl/5.3.1/spring-jcl-5.3.1.jar:/Users/angshumanbanerjee/.m2/repository/org/springframework/spring-expression/5.3.1/spring-expression-5.3.1.jar:/Users/angshumanbanerjee/.m2/repository/org/aspectj/aspectjweaver/1.9.6/aspectjweaver-1.9.6.jar:/Users/angshumanbanerjee/.m2/repository/org/slf4j/slf4j-api/1.7.30/slf4j-api-1.7.30.jar:/Users/angshumanbanerjee/.m2/repository/io/rest-assured/rest-assured/4.3.3/rest-assured-4.3.3.jar:/Users/angshumanbanerjee/.m2/repository/org/codehaus/groovy/groovy/3.0.7/groovy-3.0.7.jar:/Users/angshumanbanerjee/.m2/repository/org/codehaus/groovy/groovy-xml/3.0.7/groovy-xml-3.0.7.jar:/Users/angshumanbanerjee/.m2/repository/org/apache/httpcomponents/httpmime/4.5.3/httpmime-4.5.3.jar:/Users/angshumanbanerjee/.m2/repository/org/hamcrest/hamcrest/2.1/hamcrest-2.1.jar:/Users/angshumanbanerjee/.m2/repository/org/ccil/cowan/tagsoup/tagsoup/1.2.1/tagsoup-1.2.1.jar:/Users/angshumanbanerjee/.m2/repository/io/rest-assured/json-path/4.3.3/json-path-4.3.3.jar:/Users/angshumanbanerjee/.m2/repository/org/codehaus/groovy/groovy-json/3.0.7/groovy-json-3.0.7.jar:/Users/angshumanbanerjee/.m2/repository/io/rest-assured/rest-assured-common/4.3.3/rest-assured-common-4.3.3.jar:/Users/angshumanbanerjee/.m2/repository/io/rest-assured/xml-path/4.3.3/xml-path-4.3.3.jar:/Users/angshumanbanerjee/.m2/repository/jakarta/xml/bind/jakarta.xml.bind-api/2.3.3/jakarta.xml.bind-api-2.3.3.jar:/Users/angshumanbanerjee/.m2/repository/jakarta/activation/jakarta.activation-api/1.2.2/jakarta.activation-api-1.2.2.jar:/Users/angshumanbanerjee/.m2/repository/com/sun/xml/bind/jaxb-impl/2.3.3/jaxb-impl-2.3.3.jar:"/>
    <property name="java.vm.vendor" value="Oracle Corporation"/>
    <property name="sun.arch.data.model" value="64"/>
    <property name="java.vendor.url" value="http://java.oracle.com/"/>
    <property name="user.timezone" value="Asia/Kolkata"/>
    <property name="java.vm.specification.version" value="1.8"/>
    <property name="os.name" value="Mac OS X"/>
    <property name="user.country" value="US"/>
    <property name="sun.java.launcher" value="SUN_STANDARD"/>
    <property name="sun.boot.library.path" value="/Library/Java/JavaVirtualMachines/jdk1.8.0_261.jdk/Contents/Home/jre/lib"/>
    <property name="sun.java.command" value="/Users/angshumanbanerjee/Desktop/Maven_Project/testJar/target/surefire/surefirebooter7233723063172067770.jar /Users/angshumanbanerjee/Desktop/Maven_Project/testJar/target/surefire 2021-03-09T09-50-54_596-jvmRun1 surefire5241882652666848492tmp surefire_0933550078798354109tmp"/>
    <property name="http.nonProxyHosts" value="local|*.local|169.254/16|*.169.254/16"/>
    <property name="surefire.test.class.path" value="/Users/angshumanbanerjee/Desktop/Maven_Project/testJar/target/test-classes:/Users/angshumanbanerjee/Desktop/Maven_Project/testJar/target/classes:/Users/angshumanbanerjee/.m2/repository/org/testng/testng/7.4.0/testng-7.4.0.jar:/Users/angshumanbanerjee/.m2/repository/com/beust/jcommander/1.78/jcommander-1.78.jar:/Users/angshumanbanerjee/.m2/repository/org/webjars/jquery/3.5.1/jquery-3.5.1.jar:/Users/angshumanbanerjee/.m2/repository/junit/junit/3.8.1/junit-3.8.1.jar:/Users/angshumanbanerjee/.m2/repository/org/seleniumhq/selenium/selenium-java/4.0.0-beta-1/selenium-java-4.0.0-beta-1.jar:/Users/angshumanbanerjee/.m2/repository/org/seleniumhq/selenium/selenium-api/4.0.0-beta-1/selenium-api-4.0.0-beta-1.jar:/Users/angshumanbanerjee/.m2/repository/org/seleniumhq/selenium/selenium-chrome-driver/4.0.0-beta-1/selenium-chrome-driver-4.0.0-beta-1.jar:/Users/angshumanbanerjee/.m2/repository/com/google/auto/service/auto-service-annotations/1.0-rc7/auto-service-annotations-1.0-rc7.jar:/Users/angshumanbanerjee/.m2/repository/com/google/auto/service/auto-service/1.0-rc7/auto-service-1.0-rc7.jar:/Users/angshumanbanerjee/.m2/repository/com/google/auto/auto-common/0.10/auto-common-0.10.jar:/Users/angshumanbanerjee/.m2/repository/com/google/guava/guava/30.1-jre/guava-30.1-jre.jar:/Users/angshumanbanerjee/.m2/repository/com/google/guava/failureaccess/1.0.1/failureaccess-1.0.1.jar:/Users/angshumanbanerjee/.m2/repository/com/google/guava/listenablefuture/9999.0-empty-to-avoid-conflict-with-guava/listenablefuture-9999.0-empty-to-avoid-conflict-with-guava.jar:/Users/angshumanbanerjee/.m2/repository/com/google/code/findbugs/jsr305/3.0.2/jsr305-3.0.2.jar:/Users/angshumanbanerjee/.m2/repository/org/checkerframework/checker-qual/3.5.0/checker-qual-3.5.0.jar:/Users/angshumanbanerjee/.m2/repository/com/google/errorprone/error_prone_annotations/2.3.4/error_prone_annotations-2.3.4.jar:/Users/angshumanbanerjee/.m2/repository/com/google/j2objc/j2objc-annotations/1.3/j2objc-annotations-1.3.jar:/Users/angshumanbanerjee/.m2/repository/org/seleniumhq/selenium/selenium-chromium-driver/4.0.0-beta-1/selenium-chromium-driver-4.0.0-beta-1.jar:/Users/angshumanbanerjee/.m2/repository/org/seleniumhq/selenium/selenium-devtools/4.0.0-beta-1/selenium-devtools-4.0.0-beta-1.jar:/Users/angshumanbanerjee/.m2/repository/org/seleniumhq/selenium/selenium-http/4.0.0-beta-1/selenium-http-4.0.0-beta-1.jar:/Users/angshumanbanerjee/.m2/repository/org/seleniumhq/selenium/selenium-json/4.0.0-beta-1/selenium-json-4.0.0-beta-1.jar:/Users/angshumanbanerjee/.m2/repository/org/seleniumhq/selenium/selenium-devtools-v86/4.0.0-beta-1/selenium-devtools-v86-4.0.0-beta-1.jar:/Users/angshumanbanerjee/.m2/repository/org/seleniumhq/selenium/selenium-devtools-v87/4.0.0-beta-1/selenium-devtools-v87-4.0.0-beta-1.jar:/Users/angshumanbanerjee/.m2/repository/org/seleniumhq/selenium/selenium-devtools-v88/4.0.0-beta-1/selenium-devtools-v88-4.0.0-beta-1.jar:/Users/angshumanbanerjee/.m2/repository/org/seleniumhq/selenium/selenium-devtools-v89/4.0.0-beta-1/selenium-devtools-v89-4.0.0-beta-1.jar:/Users/angshumanbanerjee/.m2/repository/org/seleniumhq/selenium/selenium-edge-driver/4.0.0-beta-1/selenium-edge-driver-4.0.0-beta-1.jar:/Users/angshumanbanerjee/.m2/repository/org/seleniumhq/selenium/selenium-firefox-driver/4.0.0-beta-1/selenium-firefox-driver-4.0.0-beta-1.jar:/Users/angshumanbanerjee/.m2/repository/org/seleniumhq/selenium/selenium-firefox-xpi-driver/4.0.0-beta-1/selenium-firefox-xpi-driver-4.0.0-beta-1.jar:/Users/angshumanbanerjee/.m2/repository/org/seleniumhq/selenium/selenium-ie-driver/4.0.0-beta-1/selenium-ie-driver-4.0.0-beta-1.jar:/Users/angshumanbanerjee/.m2/repository/org/seleniumhq/selenium/selenium-opera-driver/4.0.0-beta-1/selenium-opera-driver-4.0.0-beta-1.jar:/Users/angshumanbanerjee/.m2/repository/org/seleniumhq/selenium/selenium-remote-driver/4.0.0-beta-1/selenium-remote-driver-4.0.0-beta-1.jar:/Users/angshumanbanerjee/.m2/repository/io/netty/netty-buffer/4.1.58.Final/netty-buffer-4.1.58.Final.jar:/Users/angshumanbanerjee/.m2/repository/io/netty/netty-codec-http/4.1.58.Final/netty-codec-http-4.1.58.Final.jar:/Users/angshumanbanerjee/.m2/repository/io/netty/netty-codec/4.1.58.Final/netty-codec-4.1.58.Final.jar:/Users/angshumanbanerjee/.m2/repository/io/netty/netty-handler/4.1.58.Final/netty-handler-4.1.58.Final.jar:/Users/angshumanbanerjee/.m2/repository/io/netty/netty-common/4.1.58.Final/netty-common-4.1.58.Final.jar:/Users/angshumanbanerjee/.m2/repository/io/netty/netty-transport-native-epoll/4.1.58.Final/netty-transport-native-epoll-4.1.58.Final.jar:/Users/angshumanbanerjee/.m2/repository/io/netty/netty-transport-native-kqueue/4.1.58.Final/netty-transport-native-kqueue-4.1.58.Final.jar:/Users/angshumanbanerjee/.m2/repository/io/netty/netty-transport-native-unix-common/4.1.58.Final/netty-transport-native-unix-common-4.1.58.Final.jar:/Users/angshumanbanerjee/.m2/repository/io/netty/netty-transport/4.1.58.Final/netty-transport-4.1.58.Final.jar:/Users/angshumanbanerjee/.m2/repository/io/netty/netty-resolver/4.1.58.Final/netty-resolver-4.1.58.Final.jar:/Users/angshumanbanerjee/.m2/repository/io/opentelemetry/opentelemetry-api/0.14.1/opentelemetry-api-0.14.1.jar:/Users/angshumanbanerjee/.m2/repository/io/opentelemetry/opentelemetry-context/0.14.1/opentelemetry-context-0.14.1.jar:/Users/angshumanbanerjee/.m2/repository/io/opentelemetry/opentelemetry-exporter-logging/0.14.1/opentelemetry-exporter-logging-0.14.1.jar:/Users/angshumanbanerjee/.m2/repository/io/opentelemetry/opentelemetry-sdk-metrics/0.14.1-alpha/opentelemetry-sdk-metrics-0.14.1-alpha.jar:/Users/angshumanbanerjee/.m2/repository/io/opentelemetry/opentelemetry-sdk-common/0.14.1/opentelemetry-sdk-common-0.14.1.jar:/Users/angshumanbanerjee/.m2/repository/io/opentelemetry/opentelemetry-sdk-trace/0.14.1/opentelemetry-sdk-trace-0.14.1.jar:/Users/angshumanbanerjee/.m2/repository/io/opentelemetry/opentelemetry-api-metrics/0.14.1-alpha/opentelemetry-api-metrics-0.14.1-alpha.jar:/Users/angshumanbanerjee/.m2/repository/io/opentelemetry/opentelemetry-sdk/0.14.1/opentelemetry-sdk-0.14.1.jar:/Users/angshumanbanerjee/.m2/repository/io/opentelemetry/opentelemetry-semconv/0.14.1/opentelemetry-semconv-0.14.1.jar:/Users/angshumanbanerjee/.m2/repository/net/bytebuddy/byte-buddy/1.10.19/byte-buddy-1.10.19.jar:/Users/angshumanbanerjee/.m2/repository/org/apache/commons/commons-exec/1.3/commons-exec-1.3.jar:/Users/angshumanbanerjee/.m2/repository/org/asynchttpclient/async-http-client/2.12.2/async-http-client-2.12.2.jar:/Users/angshumanbanerjee/.m2/repository/org/asynchttpclient/async-http-client-netty-utils/2.12.2/async-http-client-netty-utils-2.12.2.jar:/Users/angshumanbanerjee/.m2/repository/io/netty/netty-codec-socks/4.1.53.Final/netty-codec-socks-4.1.53.Final.jar:/Users/angshumanbanerjee/.m2/repository/io/netty/netty-handler-proxy/4.1.53.Final/netty-handler-proxy-4.1.53.Final.jar:/Users/angshumanbanerjee/.m2/repository/io/netty/netty-transport-native-epoll/4.1.53.Final/netty-transport-native-epoll-4.1.53.Final-linux-x86_64.jar:/Users/angshumanbanerjee/.m2/repository/io/netty/netty-transport-native-kqueue/4.1.53.Final/netty-transport-native-kqueue-4.1.53.Final-osx-x86_64.jar:/Users/angshumanbanerjee/.m2/repository/org/reactivestreams/reactive-streams/1.0.3/reactive-streams-1.0.3.jar:/Users/angshumanbanerjee/.m2/repository/com/typesafe/netty/netty-reactive-streams/2.0.4/netty-reactive-streams-2.0.4.jar:/Users/angshumanbanerjee/.m2/repository/com/sun/activation/jakarta.activation/1.2.2/jakarta.activation-1.2.2.jar:/Users/angshumanbanerjee/.m2/repository/org/seleniumhq/selenium/selenium-safari-driver/4.0.0-beta-1/selenium-safari-driver-4.0.0-beta-1.jar:/Users/angshumanbanerjee/.m2/repository/org/seleniumhq/selenium/selenium-support/4.0.0-beta-1/selenium-support-4.0.0-beta-1.jar:/Users/angshumanbanerjee/.m2/repository/io/appium/java-client/7.4.1/java-client-7.4.1.jar:/Users/angshumanbanerjee/.m2/repository/com/google/code/gson/gson/2.8.6/gson-2.8.6.jar:/Users/angshumanbanerjee/.m2/repository/org/apache/httpcomponents/httpclient/4.5.13/httpclient-4.5.13.jar:/Users/angshumanbanerjee/.m2/repository/org/apache/httpcomponents/httpcore/4.4.13/httpcore-4.4.13.jar:/Users/angshumanbanerjee/.m2/repository/commons-logging/commons-logging/1.2/commons-logging-1.2.jar:/Users/angshumanbanerjee/.m2/repository/commons-codec/commons-codec/1.11/commons-codec-1.11.jar:/Users/angshumanbanerjee/.m2/repository/cglib/cglib/3.3.0/cglib-3.3.0.jar:/Users/angshumanbanerjee/.m2/repository/org/ow2/asm/asm/7.1/asm-7.1.jar:/Users/angshumanbanerjee/.m2/repository/commons-validator/commons-validator/1.7/commons-validator-1.7.jar:/Users/angshumanbanerjee/.m2/repository/commons-beanutils/commons-beanutils/1.9.4/commons-beanutils-1.9.4.jar:/Users/angshumanbanerjee/.m2/repository/commons-digester/commons-digester/2.1/commons-digester-2.1.jar:/Users/angshumanbanerjee/.m2/repository/commons-collections/commons-collections/3.2.2/commons-collections-3.2.2.jar:/Users/angshumanbanerjee/.m2/repository/org/apache/commons/commons-lang3/3.11/commons-lang3-3.11.jar:/Users/angshumanbanerjee/.m2/repository/commons-io/commons-io/2.8.0/commons-io-2.8.0.jar:/Users/angshumanbanerjee/.m2/repository/org/springframework/spring-context/5.3.1/spring-context-5.3.1.jar:/Users/angshumanbanerjee/.m2/repository/org/springframework/spring-aop/5.3.1/spring-aop-5.3.1.jar:/Users/angshumanbanerjee/.m2/repository/org/springframework/spring-beans/5.3.1/spring-beans-5.3.1.jar:/Users/angshumanbanerjee/.m2/repository/org/springframework/spring-core/5.3.1/spring-core-5.3.1.jar:/Users/angshumanbanerjee/.m2/repository/org/springframework/spring-jcl/5.3.1/spring-jcl-5.3.1.jar:/Users/angshumanbanerjee/.m2/repository/org/springframework/spring-expression/5.3.1/spring-expression-5.3.1.jar:/Users/angshumanbanerjee/.m2/repository/org/aspectj/aspectjweaver/1.9.6/aspectjweaver-1.9.6.jar:/Users/angshumanbanerjee/.m2/repository/org/slf4j/slf4j-api/1.7.30/slf4j-api-1.7.30.jar:/Users/angshumanbanerjee/.m2/repository/io/rest-assured/rest-assured/4.3.3/rest-assured-4.3.3.jar:/Users/angshumanbanerjee/.m2/repository/org/codehaus/groovy/groovy/3.0.7/groovy-3.0.7.jar:/Users/angshumanbanerjee/.m2/repository/org/codehaus/groovy/groovy-xml/3.0.7/groovy-xml-3.0.7.jar:/Users/angshumanbanerjee/.m2/repository/org/apache/httpcomponents/httpmime/4.5.3/httpmime-4.5.3.jar:/Users/angshumanbanerjee/.m2/repository/org/hamcrest/hamcrest/2.1/hamcrest-2.1.jar:/Users/angshumanbanerjee/.m2/repository/org/ccil/cowan/tagsoup/tagsoup/1.2.1/tagsoup-1.2.1.jar:/Users/angshumanbanerjee/.m2/repository/io/rest-assured/json-path/4.3.3/json-path-4.3.3.jar:/Users/angshumanbanerjee/.m2/repository/org/codehaus/groovy/groovy-json/3.0.7/groovy-json-3.0.7.jar:/Users/angshumanbanerjee/.m2/repository/io/rest-assured/rest-assured-common/4.3.3/rest-assured-common-4.3.3.jar:/Users/angshumanbanerjee/.m2/repository/io/rest-assured/xml-path/4.3.3/xml-path-4.3.3.jar:/Users/angshumanbanerjee/.m2/repository/jakarta/xml/bind/jakarta.xml.bind-api/2.3.3/jakarta.xml.bind-api-2.3.3.jar:/Users/angshumanbanerjee/.m2/repository/jakarta/activation/jakarta.activation-api/1.2.2/jakarta.activation-api-1.2.2.jar:/Users/angshumanbanerjee/.m2/repository/com/sun/xml/bind/jaxb-impl/2.3.3/jaxb-impl-2.3.3.jar:"/>
    <property name="sun.cpu.endian" value="little"/>
    <property name="user.home" value="/Users/angshumanbanerjee"/>
    <property name="user.language" value="en"/>
    <property name="java.specification.vendor" value="Oracle Corporation"/>
    <property name="java.home" value="/Library/Java/JavaVirtualMachines/jdk1.8.0_261.jdk/Contents/Home/jre"/>
    <property name="basedir" value="/Users/angshumanbanerjee/Desktop/Maven_Project/testJar"/>
    <property name="file.separator" value="/"/>
    <property name="line.separator" value="&#10;"/>
    <property name="java.vm.specification.vendor" value="Oracle Corporation"/>
    <property name="java.specification.name" value="Java Platform API Specification"/>
    <property name="java.awt.graphicsenv" value="sun.awt.CGraphicsEnvironment"/>
    <property name="surefire.real.class.path" value="/Users/angshumanbanerjee/Desktop/Maven_Project/testJar/target/surefire/surefirebooter7233723063172067770.jar"/>
    <property name="sun.boot.class.path" value="/Library/Java/JavaVirtualMachines/jdk1.8.0_261.jdk/Contents/Home/jre/lib/resources.jar:/Library/Java/JavaVirtualMachines/jdk1.8.0_261.jdk/Contents/Home/jre/lib/rt.jar:/Library/Java/JavaVirtualMachines/jdk1.8.0_261.jdk/Contents/Home/jre/lib/sunrsasign.jar:/Library/Java/JavaVirtualMachines/jdk1.8.0_261.jdk/Contents/Home/jre/lib/jsse.jar:/Library/Java/JavaVirtualMachines/jdk1.8.0_261.jdk/Contents/Home/jre/lib/jce.jar:/Library/Java/JavaVirtualMachines/jdk1.8.0_261.jdk/Contents/Home/jre/lib/charsets.jar:/Library/Java/JavaVirtualMachines/jdk1.8.0_261.jdk/Contents/Home/jre/lib/jfr.jar:/Library/Java/JavaVirtualMachines/jdk1.8.0_261.jdk/Contents/Home/jre/classes"/>
    <property name="sun.management.compiler" value="HotSpot 64-Bit Tiered Compilers"/>
    <property name="ftp.nonProxyHosts" value="local|*.local|169.254/16|*.169.254/16"/>
    <property name="java.runtime.version" value="1.8.0_261-b12"/>
    <property name="user.name" value="angshumanbanerjee"/>
    <property name="path.separator" value=":"/>
    <property name="os.version" value="10.13.6"/>
    <property name="java.endorsed.dirs" value="/Library/Java/JavaVirtualMachines/jdk1.8.0_261.jdk/Contents/Home/jre/lib/endorsed"/>
    <property name="java.runtime.name" value="Java(TM) SE Runtime Environment"/>
    <property name="file.encoding" value="UTF-8"/>
    <property name="java.vm.name" value="Java HotSpot(TM) 64-Bit Server VM"/>
    <property name="localRepository" value="/Users/angshumanbanerjee/.m2/repository"/>
    <property name="java.vendor.url.bug" value="http://bugreport.sun.com/bugreport/"/>
    <property name="java.io.tmpdir" value="/var/folders/49/yx57khjn68g6pst9p_1xb9f00000gn/T/"/>
    <property name="java.version" value="1.8.0_261"/>
    <property name="user.dir" value="/Users/angshumanbanerjee/Desktop/Maven_Project/testJar"/>
    <property name="os.arch" value="x86_64"/>
    <property name="java.vm.specification.name" value="Java Virtual Machine Specification"/>
    <property name="java.awt.printerjob" value="sun.lwawt.macosx.CPrinterJob"/>
    <property name="sun.os.patch.level" value="unknown"/>
    <property name="java.library.path" value="/Users/angshumanbanerjee/Library/Java/Extensions:/Library/Java/Extensions:/Network/Library/Java/Extensions:/System/Library/Java/Extensions:/usr/lib/java:."/>
    <property name="java.vm.info" value="mixed mode"/>
    <property name="java.vendor" value="Oracle Corporation"/>
    <property name="java.vm.version" value="25.261-b12"/>
    <property name="java.ext.dirs" value="/Users/angshumanbanerjee/Library/Java/Extensions:/Library/Java/JavaVirtualMachines/jdk1.8.0_261.jdk/Contents/Home/jre/lib/ext:/Library/Java/Extensions:/Network/Library/Java/Extensions:/System/Library/Java/Extensions:/usr/lib/java"/>
    <property name="sun.io.unicode.encoding" value="UnicodeBig"/>
    <property name="java.class.version" value="52.0"/>
    <property name="socksNonProxyHosts" value="local|*.local|169.254/16|*.169.254/16"/>
  </properties>
  <testcase name="testAppium" classname="mavenProject.AppiumTest" time="0.006">
    <system-out><![CDATA[running now, In the test Appium method
]]></system-out>
  </testcase>
  <testcase name="testSelenium" classname="mavenProject.SeleniumTest" time="0.001">
    <system-out><![CDATA[In the test Selenium method
]]></system-out>
  </testcase>
  <testcase name="testRestAPI" classname="mavenProject.RestAPITest" time="0">
    <system-out><![CDATA[In the test RestAPI method
]]></system-out>
  </testcase>
</testsuite>