<?xml version="1.0" encoding="UTF-8"?>
<!-- Generated by org.testng.reporters.JUnitReportReporter -->
<testsuite skipped="0" hostname="Angshumans-MacBook-Pro.local" name="mavenProject.AppiumTest" tests="1" failures="0" timestamp="2021-03-09T09:50:56 IST" time="0.006" errors="0">
  <testcase name="testAppium" time="0.006" classname="mavenProject.AppiumTest"/>
  <system-out/>
</testsuite> <!-- mavenProject.AppiumTest -->
