<?xml version="1.0" encoding="UTF-8"?>
<!-- Generated by org.testng.reporters.JUnitReportReporter -->
<testsuite skipped="0" hostname="Angshumans-MacBook-Pro.local" name="mavenProject.SeleniumTest" tests="1" failures="0" timestamp="2021-03-09T09:50:56 IST" time="0.000" errors="0">
  <testcase name="testSelenium" time="0.000" classname="mavenProject.SeleniumTest"/>
  <system-out/>
</testsuite> <!-- mavenProject.SeleniumTest -->
